# JRE version: OpenJDK Runtime Environment (11.0.11+9) (build 11.0.11+9-b60-7590822)
# Java VM: OpenJDK 64-Bit Server VM (11.0.11+9-b60-7590822, mixed mode, tiered, compressed oops, g1 gc, windows-amd64)
Heap:
 garbage-first heap   total 581632K, used 217088K [0x00000000a0000000, 0x0000000100000000)
  region size 1024K, 7 young (7168K), 7 survivors (7168K)
 Metaspace       used 168888K, capacity 172771K, committed 172928K, reserved 1200128K
  class space    used 21130K, capacity 22596K, committed 22656K, reserved 1048576K
GC Heap History (20 events):
Event: 371.003 GC heap after
{Heap after GC invocations=140 (full 0):
 garbage-first heap   total 187392K, used 151957K [0x00000000a0000000, 0x0000000100000000)
  region size 1024K, 2 young (2048K), 2 survivors (2048K)
 Metaspace       used 168343K, capacity 172119K, committed 172288K, reserved 1200128K
  class space    used 21066K, capacity 22469K, committed 22528K, reserved 1048576K
}
Event: 371.307 GC heap before
{Heap before GC invocations=140 (full 0):
 garbage-first heap   total 187392K, used 161173K [0x00000000a0000000, 0x0000000100000000)
  region size 1024K, 11 young (11264K), 2 survivors (2048K)
 Metaspace       used 168346K, capacity 172121K, committed 172288K, reserved 1200128K
  class space    used 21066K, capacity 22469K, committed 22528K, reserved 1048576K
}
Event: 371.330 GC heap after
{Heap after GC invocations=141 (full 0):
 garbage-first heap   total 187392K, used 154624K [0x00000000a0000000, 0x0000000100000000)
  region size 1024K, 2 young (2048K), 2 survivors (2048K)
 Metaspace       used 168346K, capacity 172121K, committed 172288K, reserved 1200128K
  class space    used 21066K, capacity 22469K, committed 22528K, reserved 1048576K
}
Event: 371.525 GC heap before
{Heap before GC invocations=142 (full 0):
 garbage-first heap   total 187392K, used 161792K [0x00000000a0000000, 0x0000000100000000)
  region size 1024K, 9 young (9216K), 2 survivors (2048K)
 Metaspace       used 168348K, capacity 172121K, committed 172288K, reserved 1200128K
  class space    used 21066K, capacity 22469K, committed 22528K, reserved 1048576K
}
Event: 371.548 GC heap after
{Heap after GC invocations=143 (full 0):
 garbage-first heap   total 225280K, used 156798K [0x00000000a0000000, 0x0000000100000000)
  region size 1024K, 2 young (2048K), 2 survivors (2048K)
 Metaspace       used 168348K, capacity 172121K, committed 172288K, reserved 1200128K
  class space    used 21066K, capacity 22469K, committed 22528K, reserved 1048576K
}
Event: 371.981 GC heap before
{Heap before GC invocations=143 (full 0):
 garbage-first heap   total 225280K, used 166014K [0x00000000a0000000, 0x0000000100000000)
  region size 1024K, 11 young (11264K), 2 survivors (2048K)
 Metaspace       used 168353K, capacity 172185K, committed 172288K, reserved 1200128K
  class space    used 21066K, capacity 22469K, committed 22528K, reserved 1048576K
}
Event: 372.004 GC heap after
{Heap after GC invocations=144 (full 0):
 garbage-first heap   total 225280K, used 159363K [0x00000000a0000000, 0x0000000100000000)
  region size 1024K, 2 young (2048K), 2 survivors (2048K)
 Metaspace       used 168353K, capacity 172185K, committed 172288K, reserved 1200128K
  class space    used 21066K, capacity 22469K, committed 22528K, reserved 1048576K
}
Event: 372.572 GC heap before
{Heap before GC invocations=144 (full 0):
 garbage-first heap   total 225280K, used 178819K [0x00000000a0000000, 0x0000000100000000)
  region size 1024K, 21 young (21504K), 2 survivors (2048K)
 Metaspace       used 168411K, capacity 172206K, committed 172288K, reserved 1200128K
  class space    used 21073K, capacity 22475K, committed 22528K, reserved 1048576K
}
Event: 372.618 GC heap after
{Heap after GC invocations=145 (full 0):
 garbage-first heap   total 225280K, used 166005K [0x00000000a0000000, 0x0000000100000000)
  region size 1024K, 3 young (3072K), 3 survivors (3072K)
 Metaspace       used 168411K, capacity 172206K, committed 172288K, reserved 1200128K
  class space    used 21073K, capacity 22475K, committed 22528K, reserved 1048576K
}
Event: 373.119 GC heap before
{Heap before GC invocations=145 (full 0):
 garbage-first heap   total 225280K, used 181365K [0x00000000a0000000, 0x0000000100000000)
  region size 1024K, 19 young (19456K), 3 survivors (3072K)
 Metaspace       used 168437K, capacity 172213K, committed 172288K, reserved 1200128K
  class space    used 21073K, capacity 22475K, committed 22528K, reserved 1048576K
}
Event: 373.148 GC heap after
{Heap after GC invocations=146 (full 0):
 garbage-first heap   total 225280K, used 170206K [0x00000000a0000000, 0x0000000100000000)
  region size 1024K, 3 young (3072K), 3 survivors (3072K)
 Metaspace       used 168437K, capacity 172213K, committed 172288K, reserved 1200128K
  class space    used 21073K, capacity 22475K, committed 22528K, reserved 1048576K
}
Event: 373.609 GC heap before
{Heap before GC invocations=146 (full 0):
 garbage-first heap   total 225280K, used 184542K [0x00000000a0000000, 0x0000000100000000)
  region size 1024K, 18 young (18432K), 3 survivors (3072K)
 Metaspace       used 168437K, capacity 172213K, committed 172288K, reserved 1200128K
  class space    used 21073K, capacity 22475K, committed 22528K, reserved 1048576K
}
Event: 373.645 GC heap after
{Heap after GC invocations=147 (full 0):
 garbage-first heap   total 332800K, used 174080K [0x00000000a0000000, 0x0000000100000000)
  region size 1024K, 3 young (3072K), 3 survivors (3072K)
 Metaspace       used 168437K, capacity 172213K, committed 172288K, reserved 1200128K
  class space    used 21073K, capacity 22475K, committed 22528K, reserved 1048576K
}
Event: 375.126 GC heap before
{Heap before GC invocations=148 (full 0):
 garbage-first heap   total 332800K, used 221184K [0x00000000a0000000, 0x0000000100000000)
  region size 1024K, 49 young (50176K), 3 survivors (3072K)
 Metaspace       used 168437K, capacity 172213K, committed 172288K, reserved 1200128K
  class space    used 21073K, capacity 22475K, committed 22528K, reserved 1048576K
}
Event: 375.188 GC heap after
{Heap after GC invocations=149 (full 0):
 garbage-first heap   total 332800K, used 183960K [0x00000000a0000000, 0x0000000100000000)
  region size 1024K, 7 young (7168K), 7 survivors (7168K)
 Metaspace       used 168437K, capacity 172213K, committed 172288K, reserved 1200128K
  class space    used 21073K, capacity 22475K, committed 22528K, reserved 1048576K
}
Event: 376.457 GC heap before
{Heap before GC invocations=149 (full 0):
 garbage-first heap   total 332800K, used 234136K [0x00000000a0000000, 0x0000000100000000)
  region size 1024K, 53 young (54272K), 7 survivors (7168K)
 Metaspace       used 168459K, capacity 172213K, committed 172288K, reserved 1200128K
  class space    used 21074K, capacity 22475K, committed 22528K, reserved 1048576K
}
Event: 376.566 GC heap after
{Heap after GC invocations=150 (full 0):
 garbage-first heap   total 332800K, used 198354K [0x00000000a0000000, 0x0000000100000000)
  region size 1024K, 7 young (7168K), 7 survivors (7168K)
 Metaspace       used 168459K, capacity 172213K, committed 172288K, reserved 1200128K
  class space    used 21074K, capacity 22475K, committed 22528K, reserved 1048576K
}
Event: 377.706 GC heap before
{Heap before GC invocations=150 (full 0):
 garbage-first heap   total 332800K, used 244434K [0x00000000a0000000, 0x0000000100000000)
  region size 1024K, 52 young (53248K), 7 survivors (7168K)
 Metaspace       used 168459K, capacity 172213K, committed 172288K, reserved 1200128K
  class space    used 21074K, capacity 22475K, committed 22528K, reserved 1048576K
}
Event: 377.785 GC heap after
{Heap after GC invocations=151 (full 0):
 garbage-first heap   total 332800K, used 208337K [0x00000000a0000000, 0x0000000100000000)
  region size 1024K, 7 young (7168K), 7 survivors (7168K)
 Metaspace       used 168459K, capacity 172213K, committed 172288K, reserved 1200128K
  class space    used 21074K, capacity 22475K, committed 22528K, reserved 1048576K
}
Event: 380.730 GC heap before
{Heap before GC invocations=152 (full 0):
 garbage-first heap   total 332800K, used 252369K [0x00000000a0000000, 0x0000000100000000)
  region size 1024K, 50 young (51200K), 7 survivors (7168K)
 Metaspace       used 168888K, capacity 172771K, committed 172928K, reserved 1200128K
  class space    used 21130K, capacity 22596K, committed 22656K, reserved 1048576K
}

